<?xml version="1.0" encoding="UTF-8"?>
<robot generator="Robot 4.1.2 (Python 3.9.6 on win32)" generated="20211022 18:48:19.910" rpa="false" schemaversion="2">
<suite id="s1" name="LauchBrowser" source="C:\Users\Elève\Desktop\Titan-Project\Jupiter\automation\LauchBrowser.robot">
<test id="s1-t1" name="TC1">
<kw name="Open Browser" library="SeleniumLibrary">
<arg>${URL}/index.html</arg>
<arg>${BROWSER}</arg>
<doc>Opens a new browser instance to the optional ``url``.</doc>
<msg timestamp="20211022 18:48:20.888" level="INFO">Opening browser 'chrome' to base url 'http://localhost:5500/index.html'.</msg>
<status status="PASS" starttime="20211022 18:48:20.886" endtime="20211022 18:48:24.040"/>
</kw>
<kw name="Maximize Browser Window" library="SeleniumLibrary">
<doc>Maximizes current browser window.</doc>
<status status="PASS" starttime="20211022 18:48:24.042" endtime="20211022 18:48:24.287"/>
</kw>
<kw name="Set Variable" library="BuiltIn">
<var>${"Prenom_box"}</var>
<arg>name:prename</arg>
<doc>Returns the given values which can then be assigned to a variables.</doc>
<msg timestamp="20211022 18:48:24.290" level="INFO">${"Prenom_box"} = name:prename</msg>
<status status="PASS" starttime="20211022 18:48:24.289" endtime="20211022 18:48:24.290"/>
</kw>
<kw name="Set Variable" library="BuiltIn">
<var>${"Nom_box"}</var>
<arg>name:name</arg>
<doc>Returns the given values which can then be assigned to a variables.</doc>
<msg timestamp="20211022 18:48:24.293" level="INFO">${"Nom_box"} = name:name</msg>
<status status="PASS" starttime="20211022 18:48:24.292" endtime="20211022 18:48:24.293"/>
</kw>
<kw name="Set Variable" library="BuiltIn">
<var>${"Mail_box"}</var>
<arg>name:email</arg>
<doc>Returns the given values which can then be assigned to a variables.</doc>
<msg timestamp="20211022 18:48:24.295" level="INFO">${"Mail_box"} = name:email</msg>
<status status="PASS" starttime="20211022 18:48:24.294" endtime="20211022 18:48:24.295"/>
</kw>
<kw name="Input Text" library="SeleniumLibrary">
<arg>${"Prenom_box"}</arg>
<arg>Issam</arg>
<doc>Types the given ``text`` into the text field identified by ``locator``.</doc>
<msg timestamp="20211022 18:48:24.297" level="INFO">Typing text 'Issam' into text field 'name:prename'.</msg>
<status status="PASS" starttime="20211022 18:48:24.296" endtime="20211022 18:48:24.564"/>
</kw>
<kw name="Input Text" library="SeleniumLibrary">
<arg>${"Nom_box"}</arg>
<arg>Merikhi</arg>
<doc>Types the given ``text`` into the text field identified by ``locator``.</doc>
<msg timestamp="20211022 18:48:24.567" level="INFO">Typing text 'Merikhi' into text field 'name:name'.</msg>
<status status="PASS" starttime="20211022 18:48:24.566" endtime="20211022 18:48:24.845"/>
</kw>
<kw name="Input Text" library="SeleniumLibrary">
<arg>${"Mail_box"}</arg>
<arg>issammerikhi@outlook.fr</arg>
<doc>Types the given ``text`` into the text field identified by ``locator``.</doc>
<msg timestamp="20211022 18:48:24.847" level="INFO">Typing text 'issammerikhi@outlook.fr' into text field 'name:email'.</msg>
<status status="PASS" starttime="20211022 18:48:24.846" endtime="20211022 18:48:25.160"/>
</kw>
<kw name="sleep 10">
<msg timestamp="20211022 18:48:25.171" level="FAIL">No keyword with name 'sleep 10' found. Did you mean:
    BuiltIn.Sleep</msg>
<status status="FAIL" starttime="20211022 18:48:25.171" endtime="20211022 18:48:25.171"/>
</kw>
<status status="FAIL" starttime="20211022 18:48:20.883" endtime="20211022 18:48:25.175">No keyword with name 'sleep 10' found. Did you mean:
    BuiltIn.Sleep</status>
</test>
<status status="FAIL" starttime="20211022 18:48:19.917" endtime="20211022 18:48:25.180"/>
</suite>
<statistics>
<total>
<stat pass="0" fail="1" skip="0">All Tests</stat>
</total>
<tag>
</tag>
<suite>
<stat pass="0" fail="1" skip="0" id="s1" name="LauchBrowser">LauchBrowser</stat>
</suite>
</statistics>
<errors>
</errors>
</robot>
